<?xml version="1.0" encoding="UTF-8"?>
<!-- Generated by org.testng.reporters.JUnitReportReporter -->
<testsuite skipped="0" hostname="Shri-PC" name="preProject.UserPage" tests="13" failures="0" timestamp="2021-11-21T11:51:34 IST" time="3.923" errors="0">
  <testcase name="VerifyHeader" time="0.060" classname="preProject.UserPage"/>
  <system-out/>
  <testcase name="VerifyBoxHeader" time="0.047" classname="preProject.UserPage"/>
  <system-out/>
  <testcase name="VerifyColumnName" time="0.182" classname="preProject.UserPage"/>
  <system-out/>
  <testcase name="verfyTotalNumberOfUser" time="1.040" classname="preProject.UserPage"/>
  <system-out/>
  <testcase name="VerifyMaleUsers" time="0.138" classname="preProject.UserPage"/>
  <system-out/>
  <testcase name="VerifyFemaleUsers" time="0.194" classname="preProject.UserPage"/>
  <system-out/>
  <testcase name="VerifyStateUsers" time="0.248" classname="preProject.UserPage"/>
  <system-out/>
  <testcase name="VerifyKiranCourse" time="0.162" classname="preProject.UserPage"/>
  <system-out/>
  <testcase name="VerifySagarState" time="0.153" classname="preProject.UserPage"/>
  <system-out/>
  <testcase name="CheckInvalidMobileUsers" time="0.134" classname="preProject.UserPage"/>
  <system-out/>
  <testcase name="verifyGmailUsers" time="0.105" classname="preProject.UserPage"/>
  <system-out/>
  <testcase name="verifyingAlertMsg" time="0.135" classname="preProject.UserPage"/>
  <system-out/>
  <testcase name="VerifyAddUserAlertMsg" time="1.325" classname="preProject.UserPage"/>
  <system-out/>
</testsuite> <!-- preProject.UserPage -->
