<?xml version="1.0" encoding="UTF-8"?>
<!-- Generated by org.testng.reporters.JUnitReportReporter -->
<testsuite skipped="0" hostname="Shri-PC" name="preProject.DashboardPage" tests="13" failures="0" timestamp="2021-11-18T13:55:23 IST" time="12.919" errors="0">
  <testcase name="verifyBrowserTitle" time="1.304" classname="preProject.DashboardPage"/>
  <system-out/>
  <testcase name="VerifyBrowserUrl" time="0.008" classname="preProject.DashboardPage"/>
  <system-out/>
  <testcase name="VerifyHeader" time="0.045" classname="preProject.DashboardPage"/>
  <system-out/>
  <testcase name="verifyMenu" time="0.155" classname="preProject.DashboardPage"/>
  <system-out/>
  <testcase name="verifyCourses" time="0.104" classname="preProject.DashboardPage"/>
  <system-out/>
  <testcase name="verifyMoreInfoCount" time="0.022" classname="preProject.DashboardPage"/>
  <system-out/>
  <testcase name="verifyCourses1" time="0.960" classname="preProject.DashboardPage"/>
  <system-out/>
  <testcase name="checkUsersLink" time="0.341" classname="preProject.DashboardPage"/>
  <system-out/>
  <testcase name="checkOperatorsLink" time="0.345" classname="preProject.DashboardPage"/>
  <system-out/>
  <testcase name="checkUsefulLinksLink" time="0.299" classname="preProject.DashboardPage"/>
  <system-out/>
  <testcase name="checkDownloadsLink" time="0.342" classname="preProject.DashboardPage"/>
  <system-out/>
  <testcase name="checkFooterLink" time="8.650" classname="preProject.DashboardPage"/>
  <system-out/>
  <testcase name="checkLogoutLink" time="0.344" classname="preProject.DashboardPage"/>
  <system-out/>
</testsuite> <!-- preProject.DashboardPage -->
