<?xml version="1.0" encoding="UTF-8"?>
<!-- Generated by org.testng.reporters.JUnitReportReporter -->
<testsuite skipped="0" hostname="Shri-PC" name="preProject.LoginPage" tests="16" failures="0" timestamp="2021-11-21T10:56:20 IST" time="2.924" errors="0">
  <testcase name="verifyBrowserTitle" time="0.021" classname="preProject.LoginPage"/>
  <system-out/>
  <testcase name="VerifyBrowserUrl" time="0.024" classname="preProject.LoginPage"/>
  <system-out/>
  <testcase name="verifyLogo" time="0.256" classname="preProject.LoginPage"/>
  <system-out/>
  <testcase name="verifyingHeadingText" time="0.066" classname="preProject.LoginPage"/>
  <system-out/>
  <testcase name="verifyCoursesText" time="0.051" classname="preProject.LoginPage"/>
  <system-out/>
  <testcase name="verifyLoginBoxText" time="0.045" classname="preProject.LoginPage"/>
  <system-out/>
  <testcase name="verifyEmailPlaceholderText" time="0.038" classname="preProject.LoginPage"/>
  <system-out/>
  <testcase name="verifyPasswordPlaceholderText" time="0.062" classname="preProject.LoginPage"/>
  <system-out/>
  <testcase name="verifySuggestionWhenEmailIsBlank" time="0.388" classname="preProject.LoginPage"/>
  <system-out/>
  <testcase name="verifySuggestionWhenPasswordIsBlank" time="0.274" classname="preProject.LoginPage"/>
  <system-out/>
  <testcase name="verifyEmailSuggestion" time="0.281" classname="preProject.LoginPage"/>
  <system-out/>
  <testcase name="verifyEmailErrorTextColor" time="0.294" classname="preProject.LoginPage"/>
  <system-out/>
  <testcase name="verifyPasswordSuggestion" time="0.282" classname="preProject.LoginPage"/>
  <system-out/>
  <testcase name="verifyPasswordErrorTextColor" time="0.289" classname="preProject.LoginPage"/>
  <system-out/>
  <testcase name="validLogin" time="0.499" classname="preProject.LoginPage"/>
  <system-out/>
  <testcase name="verifyBrowserUrlAfterValidLogin" time="0.054" classname="preProject.LoginPage"/>
  <system-out/>
</testsuite> <!-- preProject.LoginPage -->
