<?xml version="1.0" encoding="UTF-8"?>
<!-- Generated by org.testng.reporters.JUnitReportReporter -->
<testsuite skipped="0" hostname="Shri-PC" name="preProject.UserPage" tests="11" failures="0" timestamp="2021-11-19T21:11:14 IST" time="4.187" errors="0">
  <testcase name="verifyBrowserTitle" time="1.990" classname="preProject.UserPage"/>
  <system-out/>
  <testcase name="verifyBrowserUrl" time="0.018" classname="preProject.UserPage"/>
  <system-out/>
  <testcase name="VerifyHeader" time="0.040" classname="preProject.UserPage"/>
  <system-out/>
  <testcase name="VerifyColumnName" time="0.218" classname="preProject.UserPage"/>
  <system-out/>
  <testcase name="VerifyBoxHeader" time="0.037" classname="preProject.UserPage"/>
  <system-out/>
  <testcase name="VerifyMaleUsers" time="0.168" classname="preProject.UserPage"/>
  <system-out/>
  <testcase name="verfyTotalNumberOfUser" time="1.010" classname="preProject.UserPage"/>
  <system-out/>
  <testcase name="VerifyFemaleUsers" time="0.176" classname="preProject.UserPage"/>
  <system-out/>
  <testcase name="VerifyStateUsers" time="0.230" classname="preProject.UserPage"/>
  <system-out/>
  <testcase name="VerifyKiranCourse" time="0.144" classname="preProject.UserPage"/>
  <system-out/>
  <testcase name="VerifySagarState" time="0.156" classname="preProject.UserPage"/>
  <system-out/>
</testsuite> <!-- preProject.UserPage -->
