<?xml version="1.0" encoding="UTF-8"?>
<!-- Generated by org.testng.reporters.JUnitReportReporter -->
<testsuite skipped="0" hostname="Shri-PC" name="preProject.UserPage" tests="9" failures="0" timestamp="2021-11-18T12:06:37 IST" time="3.269" errors="0">
  <testcase name="verifyBrowserTitle" time="1.734" classname="preProject.UserPage"/>
  <system-out/>
  <testcase name="verifyCurrentTitle" time="0.018" classname="preProject.UserPage"/>
  <system-out/>
  <testcase name="VerifyHeader" time="0.042" classname="preProject.UserPage"/>
  <system-out/>
  <testcase name="VerifyBoxHeader" time="0.048" classname="preProject.UserPage"/>
  <system-out/>
  <testcase name="VerifyColumnName" time="0.191" classname="preProject.UserPage"/>
  <system-out/>
  <testcase name="VerifyData" time="0.310" classname="preProject.UserPage"/>
  <system-out/>
  <testcase name="VerifyData" time="0.307" classname="preProject.UserPage"/>
  <system-out/>
  <testcase name="VerifyData" time="0.316" classname="preProject.UserPage"/>
  <system-out/>
  <testcase name="VerifyData" time="0.303" classname="preProject.UserPage"/>
  <system-out/>
</testsuite> <!-- preProject.UserPage -->
