<?xml version="1.0" encoding="UTF-8"?>
<!-- Generated by org.testng.reporters.JUnitReportReporter -->
<testsuite skipped="0" hostname="Shri-PC" name="preProject.RegistrationPage" tests="7" failures="0" timestamp="2021-11-17T17:21:19 IST" time="0.654" errors="0">
  <testcase name="registerMembership" time="0.215" classname="preProject.RegistrationPage"/>
  <system-out/>
  <testcase name="verifyLoginBoxText" time="0.068" classname="preProject.RegistrationPage"/>
  <system-out/>
  <testcase name="verifyNamePlaceholderText" time="0.047" classname="preProject.RegistrationPage"/>
  <system-out/>
  <testcase name="verifyMobilePlaceholderText" time="0.038" classname="preProject.RegistrationPage"/>
  <system-out/>
  <testcase name="verifyEmailPlaceholderText" time="0.029" classname="preProject.RegistrationPage"/>
  <system-out/>
  <testcase name="verifyPasswordPlaceholderText" time="0.045" classname="preProject.RegistrationPage"/>
  <system-out/>
  <testcase name="alreadyMembership" time="0.212" classname="preProject.RegistrationPage"/>
  <system-out/>
</testsuite> <!-- preProject.RegistrationPage -->
