<?xml version="1.0" encoding="UTF-8"?>
<!-- Generated by org.testng.reporters.JUnitReportReporter -->
<testsuite skipped="0" hostname="Shri-PC" name="preProject.OperatorsPage" tests="10" failures="0" timestamp="2021-11-18T12:44:00 IST" time="3.070" errors="0">
  <testcase name="verifyBrowserTitle" time="1.544" classname="preProject.OperatorsPage"/>
  <system-out/>
  <testcase name="verifyCurrentTitle" time="0.018" classname="preProject.OperatorsPage"/>
  <system-out/>
  <testcase name="VerifyHeader" time="0.055" classname="preProject.OperatorsPage"/>
  <system-out/>
  <testcase name="VerifyBoxHeader" time="0.040" classname="preProject.OperatorsPage"/>
  <system-out/>
  <testcase name="VerifyColumnName" time="0.160" classname="preProject.OperatorsPage"/>
  <system-out/>
  <testcase name="VerifyData" time="0.226" classname="preProject.OperatorsPage"/>
  <system-out/>
  <testcase name="VerifyData" time="0.245" classname="preProject.OperatorsPage"/>
  <system-out/>
  <testcase name="VerifyData" time="0.235" classname="preProject.OperatorsPage"/>
  <system-out/>
  <testcase name="VerifyData" time="0.306" classname="preProject.OperatorsPage"/>
  <system-out/>
  <testcase name="VerifyData" time="0.241" classname="preProject.OperatorsPage"/>
  <system-out/>
</testsuite> <!-- preProject.OperatorsPage -->
