<?xml version="1.0" encoding="UTF-8"?>
<!-- Generated by org.testng.reporters.JUnitReportReporter -->
<testsuite skipped="0" hostname="Shri-PC" name="preProject.LoginPage" tests="14" failures="0" timestamp="2021-11-18T11:31:13 IST" time="3.613" errors="0">
  <testcase name="verifyBrowserTitle" time="0.024" classname="preProject.LoginPage"/>
  <system-out/>
  <testcase name="verifyLogo" time="0.287" classname="preProject.LoginPage"/>
  <system-out/>
  <testcase name="verifyingHeadingText" time="0.061" classname="preProject.LoginPage"/>
  <system-out/>
  <testcase name="verifyCoursesText" time="0.053" classname="preProject.LoginPage"/>
  <system-out/>
  <testcase name="verifyLoginBoxText" time="0.049" classname="preProject.LoginPage"/>
  <system-out/>
  <testcase name="verifyEmailPlaceholderText" time="0.039" classname="preProject.LoginPage"/>
  <system-out/>
  <testcase name="verifyPasswordPlaceholderText" time="0.042" classname="preProject.LoginPage"/>
  <system-out/>
  <testcase name="verifyTextWhenEmailIsBlank" time="0.348" classname="preProject.LoginPage"/>
  <system-out/>
  <testcase name="verifyTextWhenPasswordIsBlank" time="0.267" classname="preProject.LoginPage"/>
  <system-out/>
  <testcase name="verifyEmailSuggestion" time="0.279" classname="preProject.LoginPage"/>
  <system-out/>
  <testcase name="verifyEmailErrorTextColor" time="0.284" classname="preProject.LoginPage"/>
  <system-out/>
  <testcase name="verifyPasswordSuggestion" time="0.275" classname="preProject.LoginPage"/>
  <system-out/>
  <testcase name="verifyPasswordErrorTextColor" time="0.305" classname="preProject.LoginPage"/>
  <system-out/>
  <testcase name="validLogin" time="1.300" classname="preProject.LoginPage"/>
  <system-out/>
</testsuite> <!-- preProject.LoginPage -->
