<?xml version="1.0" encoding="UTF-8"?>
<!-- Generated by org.testng.reporters.JUnitReportReporter -->
<testsuite skipped="0" hostname="Shri-PC" name="preProject.RegistrationPage" tests="8" failures="0" timestamp="2021-11-18T13:35:11 IST" time="0.727" errors="0">
  <testcase name="verifyBrowserTitle" time="0.255" classname="preProject.RegistrationPage"/>
  <system-out/>
  <testcase name="VerifyBrowserUrl" time="0.013" classname="preProject.RegistrationPage"/>
  <system-out/>
  <testcase name="verifyLoginBoxText" time="0.070" classname="preProject.RegistrationPage"/>
  <system-out/>
  <testcase name="verifyNamePlaceholderText" time="0.048" classname="preProject.RegistrationPage"/>
  <system-out/>
  <testcase name="verifyMobilePlaceholderText" time="0.041" classname="preProject.RegistrationPage"/>
  <system-out/>
  <testcase name="verifyEmailPlaceholderText" time="0.035" classname="preProject.RegistrationPage"/>
  <system-out/>
  <testcase name="verifyPasswordPlaceholderText" time="0.042" classname="preProject.RegistrationPage"/>
  <system-out/>
  <testcase name="alreadyMembership" time="0.223" classname="preProject.RegistrationPage"/>
  <system-out/>
</testsuite> <!-- preProject.RegistrationPage -->
