<?xml version="1.0" encoding="UTF-8"?>
<!-- Generated by org.testng.reporters.JUnitReportReporter -->
<testsuite skipped="0" hostname="Shri-PC" name="preProject.LoginPage" tests="15" failures="0" timestamp="2021-11-18T13:20:05 IST" time="3.449" errors="0">
  <testcase name="verifyBrowserTitle" time="0.016" classname="preProject.LoginPage"/>
  <system-out/>
  <testcase name="VerifyBrowserUrl" time="0.013" classname="preProject.LoginPage"/>
  <system-out/>
  <testcase name="verifyLogo" time="0.076" classname="preProject.LoginPage"/>
  <system-out/>
  <testcase name="verifyingHeadingText" time="0.040" classname="preProject.LoginPage"/>
  <system-out/>
  <testcase name="verifyCoursesText" time="0.049" classname="preProject.LoginPage"/>
  <system-out/>
  <testcase name="verifyLoginBoxText" time="0.039" classname="preProject.LoginPage"/>
  <system-out/>
  <testcase name="verifyEmailPlaceholderText" time="0.036" classname="preProject.LoginPage"/>
  <system-out/>
  <testcase name="verifyPasswordPlaceholderText" time="0.030" classname="preProject.LoginPage"/>
  <system-out/>
  <testcase name="verifySuggestionWhenEmailIsBlank" time="0.311" classname="preProject.LoginPage"/>
  <system-out/>
  <testcase name="verifySuggestionWhenPasswordIsBlank" time="0.259" classname="preProject.LoginPage"/>
  <system-out/>
  <testcase name="verifyEmailSuggestion" time="0.284" classname="preProject.LoginPage"/>
  <system-out/>
  <testcase name="verifyEmailErrorTextColor" time="0.309" classname="preProject.LoginPage"/>
  <system-out/>
  <testcase name="verifyPasswordSuggestion" time="0.357" classname="preProject.LoginPage"/>
  <system-out/>
  <testcase name="verifyPasswordErrorTextColor" time="0.291" classname="preProject.LoginPage"/>
  <system-out/>
  <testcase name="validLogin" time="1.339" classname="preProject.LoginPage"/>
  <system-out/>
</testsuite> <!-- preProject.LoginPage -->
